<?xml version="1.0" encoding="utf-8"?>

<ScrollView xmlns:android="http://schemas.android.com/apk/res/android"
    xmlns:app="http://schemas.android.com/apk/res-auto"
    xmlns:tools="http://schemas.android.com/tools"
    android:layout_width="match_parent"
    android:layout_height="match_parent"
    android:background="@drawable/facts_background"
    android:gravity="center"
    android:orientation="vertical"
    tools:context=".StatsActivity">

    <LinearLayout
        android:layout_width="match_parent"
        android:layout_height="wrap_content"
        android:orientation="vertical"
        android:layout_gravity="center">

        <TextView
            android:id="@+id/messageToDisplay"
            android:layout_width="match_parent"
            android:layout_height="wrap_content"
            android:layout_marginStart="20sp"
            android:layout_marginTop="20sp"
            android:layout_marginEnd="20sp"
            android:layout_marginBottom="10sp"
            android:background="@color/eggShell_75"
            android:ems="10"
            android:gravity="center"
            android:inputType="textPersonName"
            android:padding="10sp"
            android:text="MESSAGE TO DISPLAY"
            android:textColor="@color/brown"
            android:textSize="25sp"/>

        <LinearLayout
            android:layout_width="match_parent"
            android:layout_height="wrap_content"
            android:layout_marginStart="20sp"
            android:layout_marginTop="5sp"
            android:layout_marginEnd="20sp"
            android:layout_marginBottom="10sp"
            android:background="@color/eggShell_75"
            android:padding="5dp"
            android:weightSum="100">

            <TextView
                android:id="@+id/levelReached"
                android:layout_width="match_parent"
                android:layout_height="wrap_content"
                android:layout_margin="10sp"
                android:layout_weight="50"
                android:fontFamily="@font/anton"
                android:gravity="center"
                android:padding="5dp"
                android:text="Level reached:"
                android:textColor="@color/brown"
                android:textSize="25sp" />

            <TextView
                android:id="@+id/textLevel"
                android:layout_width="match_parent"
                android:layout_height="wrap_content"
                android:layout_gravity="center"
                android:layout_margin="10sp"
                android:layout_weight="50"
                android:fontFamily="@font/balgin_condensed"
                android:gravity="center"
                android:padding="10dp"
                android:textColor="@color/brown"
                android:textSize="30sp" />

        </LinearLayout>

        <LinearLayout
            android:layout_width="match_parent"
            android:layout_height="wrap_content"
            android:layout_marginStart="20sp"
            android:layout_marginTop="5sp"
            android:layout_marginEnd="20sp"
            android:layout_marginBottom="10sp"
            android:background="@color/eggShell_75"
            android:padding="5dp"
            android:weightSum="100">

            <TextView
                android:id="@+id/numImage"
                android:layout_width="match_parent"
                android:layout_height="wrap_content"
                android:layout_weight="50"
                android:padding="5dp"
                android:text="Number of images seen:"
                android:gravity="center"
                android:layout_gravity="center_vertical"
                android:layout_margin="10sp"
                android:textSize="25sp"
                android:fontFamily="@font/anton"
                android:textColor="@color/brown"/>

            <TextView
                android:id="@+id/imageSeen"
                android:layout_width="match_parent"
                android:layout_height="wrap_content"
                android:layout_gravity="center"
                android:layout_margin="10sp"
                android:layout_weight="50"
                android:fontFamily="@font/balgin_condensed"
                android:gravity="center"
                android:padding="10dp"
                android:textColor="@color/brown"
                android:textSize="30sp" />

        </LinearLayout>

        <LinearLayout
            android:layout_width="match_parent"
            android:layout_height="wrap_content"
            android:layout_marginStart="20sp"
            android:layout_marginTop="5sp"
            android:layout_marginEnd="20sp"
            android:layout_marginBottom="10sp"
            android:background="@color/eggShell_75"
            android:padding="5dp"
            android:weightSum="100">

            <TextView
                android:id="@+id/textView5"
                android:layout_width="match_parent"
                android:layout_height="wrap_content"
                android:layout_weight="50"
                android:padding="5dp"
                android:text="Percentage of images seen:"
                android:gravity="center"
                android:layout_margin="10sp"
                android:textSize="25sp"
                android:fontFamily="@font/anton"
                android:textColor="@color/brown"/>

            <TextView
                android:id="@+id/imagePercentage"
                android:layout_width="match_parent"
                android:layout_height="wrap_content"
                android:layout_gravity="center"
                android:layout_margin="10sp"
                android:layout_weight="50"
                android:fontFamily="@font/balgin_condensed"
                android:gravity="center"
                android:padding="10dp"
                android:textColor="@color/brown"
                android:textSize="25sp" />

        </LinearLayout>

        <LinearLayout
            android:layout_width="match_parent"
            android:layout_height="match_parent"
            android:orientation="horizontal">

            <Button
                android:id="@+id/homeButton"
                android:layout_width="wrap_content"
                android:layout_height="wrap_content"
                android:layout_weight="1"
                android:layout_marginStart="20sp"
                android:layout_marginTop="5sp"
                android:layout_marginEnd="20sp"
                android:layout_marginBottom="10sp"
                android:text="@string/Home" />

            <Button
                android:id="@+id/statsButton"
                android:layout_width="wrap_content"
                android:layout_height="wrap_content"
                android:layout_weight="1"
                android:layout_marginStart="20sp"
                android:layout_marginTop="5sp"
                android:layout_marginEnd="20sp"
                android:layout_marginBottom="10sp"
                android:text="@string/stats" />
        </LinearLayout>

    </LinearLayout>
</ScrollView>